2025-04-03 17:15:32,780 - INFO - [31m[1mWARNING: This is a development server. Do not use it in a production deployment. Use a production WSGI server instead.[0m
 * Running on http://127.0.0.1:5000
2025-04-03 17:15:32,780 - INFO - [33mPress CTRL+C to quit[0m
2025-04-03 17:15:32,782 - INFO -  * Restarting with stat
2025-04-03 17:15:33,115 - WARNING -  * Debugger is active!
2025-04-03 17:15:33,118 - INFO -  * Debugger PIN: 562-590-477
2025-04-03 17:15:57,692 - INFO - [31m[1mWARNING: This is a development server. Do not use it in a production deployment. Use a production WSGI server instead.[0m
 * Running on http://127.0.0.1:5000
2025-04-03 17:15:57,694 - INFO - [33mPress CTRL+C to quit[0m
2025-04-03 17:15:57,695 - INFO -  * Restarting with stat
2025-04-03 17:15:58,016 - WARNING -  * Debugger is active!
2025-04-03 17:15:58,018 - INFO -  * Debugger PIN: 562-590-477
2025-04-03 17:18:39,676 - INFO - [31m[1mWARNING: This is a development server. Do not use it in a production deployment. Use a production WSGI server instead.[0m
 * Running on http://127.0.0.1:5000
2025-04-03 17:18:39,676 - INFO - [33mPress CTRL+C to quit[0m
2025-04-03 17:18:39,677 - INFO -  * Restarting with stat
2025-04-03 17:18:40,065 - WARNING -  * Debugger is active!
2025-04-03 17:18:40,067 - INFO -  * Debugger PIN: 562-590-477
2025-04-03 17:20:25,166 - INFO - [31m[1mWARNING: This is a development server. Do not use it in a production deployment. Use a production WSGI server instead.[0m
 * Running on http://127.0.0.1:5000
2025-04-03 17:20:25,166 - INFO - [33mPress CTRL+C to quit[0m
2025-04-03 17:20:25,167 - INFO -  * Restarting with stat
2025-04-03 17:20:25,488 - WARNING -  * Debugger is active!
2025-04-03 17:20:25,490 - INFO -  * Debugger PIN: 562-590-477
2025-04-03 17:20:40,929 - INFO - [31m[1mWARNING: This is a development server. Do not use it in a production deployment. Use a production WSGI server instead.[0m
 * Running on http://127.0.0.1:5000
2025-04-03 17:20:40,930 - INFO - [33mPress CTRL+C to quit[0m
2025-04-03 17:20:40,930 - INFO -  * Restarting with stat
2025-04-03 17:20:41,244 - WARNING -  * Debugger is active!
2025-04-03 17:20:41,246 - INFO -  * Debugger PIN: 562-590-477
2025-04-03 17:21:27,392 - INFO - [31m[1mWARNING: This is a development server. Do not use it in a production deployment. Use a production WSGI server instead.[0m
 * Running on http://127.0.0.1:5000
2025-04-03 17:21:27,393 - INFO - [33mPress CTRL+C to quit[0m
2025-04-03 17:21:27,394 - INFO -  * Restarting with stat
2025-04-03 17:21:27,706 - WARNING -  * Debugger is active!
2025-04-03 17:21:27,708 - INFO -  * Debugger PIN: 562-590-477
2025-04-03 17:23:11,605 - INFO - [31m[1mWARNING: This is a development server. Do not use it in a production deployment. Use a production WSGI server instead.[0m
 * Running on http://127.0.0.1:5000
2025-04-03 17:23:11,605 - INFO - [33mPress CTRL+C to quit[0m
2025-04-03 17:23:11,606 - INFO -  * Restarting with stat
2025-04-03 17:23:11,916 - WARNING -  * Debugger is active!
2025-04-03 17:23:11,919 - INFO -  * Debugger PIN: 562-590-477
2025-04-03 17:23:21,569 - INFO - [31m[1mWARNING: This is a development server. Do not use it in a production deployment. Use a production WSGI server instead.[0m
 * Running on http://127.0.0.1:5000
2025-04-03 17:23:21,569 - INFO - [33mPress CTRL+C to quit[0m
2025-04-03 17:23:21,571 - INFO -  * Restarting with stat
2025-04-03 17:23:21,898 - WARNING -  * Debugger is active!
2025-04-03 17:23:21,900 - INFO -  * Debugger PIN: 562-590-477
2025-04-03 17:23:54,061 - INFO - [31m[1mWARNING: This is a development server. Do not use it in a production deployment. Use a production WSGI server instead.[0m
 * Running on http://127.0.0.1:5000
2025-04-03 17:23:54,062 - INFO - [33mPress CTRL+C to quit[0m
2025-04-03 17:23:54,064 - INFO -  * Restarting with stat
2025-04-03 17:23:54,369 - WARNING -  * Debugger is active!
2025-04-03 17:23:54,371 - INFO -  * Debugger PIN: 562-590-477
2025-04-03 17:24:38,285 - INFO -  * Detected change in 'c:\\proyek-pdf\\backend\\app.py', reloading
2025-04-03 17:24:38,344 - INFO -  * Restarting with stat
2025-04-03 17:24:38,688 - WARNING -  * Debugger is active!
2025-04-03 17:24:38,691 - INFO -  * Debugger PIN: 562-590-477
2025-04-03 17:24:39,767 - INFO -  * Detected change in 'c:\\proyek-pdf\\backend\\app.py', reloading
2025-04-03 17:24:39,828 - INFO -  * Restarting with stat
2025-04-03 17:24:40,228 - WARNING -  * Debugger is active!
2025-04-03 17:24:40,231 - INFO -  * Debugger PIN: 562-590-477
2025-04-03 17:25:10,908 - INFO -  * Detected change in 'c:\\proyek-pdf\\backend\\app.py', reloading
2025-04-03 17:25:10,971 - INFO -  * Restarting with stat
2025-04-03 17:27:59,851 - INFO - [31m[1mWARNING: This is a development server. Do not use it in a production deployment. Use a production WSGI server instead.[0m
 * Running on http://127.0.0.1:5000
2025-04-03 17:27:59,851 - INFO - [33mPress CTRL+C to quit[0m
2025-04-03 17:27:59,852 - INFO -  * Restarting with stat
2025-04-03 17:28:00,168 - WARNING -  * Debugger is active!
2025-04-03 17:28:00,170 - INFO -  * Debugger PIN: 562-590-477
2025-04-03 17:28:06,328 - INFO -  * Detected change in 'c:\\proyek-pdf\\backend\\app.py', reloading
2025-04-03 17:28:06,396 - INFO -  * Restarting with stat
2025-04-03 17:28:06,715 - WARNING -  * Debugger is active!
2025-04-03 17:28:06,717 - INFO -  * Debugger PIN: 562-590-477
2025-04-03 17:29:29,506 - INFO -  * Detected change in 'c:\\proyek-pdf\\backend\\app.py', reloading
2025-04-03 17:29:29,570 - INFO -  * Restarting with stat
2025-04-03 17:29:29,964 - WARNING -  * Debugger is active!
2025-04-03 17:29:29,967 - INFO -  * Debugger PIN: 562-590-477
2025-04-03 17:29:32,620 - INFO - [31m[1mWARNING: This is a development server. Do not use it in a production deployment. Use a production WSGI server instead.[0m
 * Running on http://127.0.0.1:5000
2025-04-03 17:29:32,620 - INFO - [33mPress CTRL+C to quit[0m
2025-04-03 17:29:32,622 - INFO -  * Restarting with stat
2025-04-03 17:29:33,001 - WARNING -  * Debugger is active!
2025-04-03 17:29:33,004 - INFO -  * Debugger PIN: 562-590-477
